[2019-11-06T15:46:32.581] [DEBUG] cheese - login => username:lisi,password:123456
[2019-11-06T15:46:32.587] [DEBUG] cheese - lisi
[2019-11-06T15:46:32.746] [DEBUG] cheese - null
[2019-11-06T15:46:32.763] [DEBUG] cheese - null
[2019-11-06T15:47:10.091] [DEBUG] cheese - login => username:admin,password:123456
[2019-11-06T15:47:10.091] [DEBUG] cheese - admin
[2019-11-06T15:47:10.112] [DEBUG] cheese - null
[2019-11-06T15:47:10.112] [DEBUG] cheese - null
[2019-11-06T18:53:46.407] [DEBUG] cheese - login => username:12131,password:12112121
[2019-11-06T18:53:46.420] [DEBUG] cheese - 12131
[2019-11-06T18:53:46.996] [DEBUG] cheese - null
[2019-11-06T18:53:46.996] [DEBUG] cheese - null
[2019-11-06T18:53:47.179] [DEBUG] cheese - login => username:12131,password:12112121
[2019-11-06T18:53:47.179] [DEBUG] cheese - 12131
[2019-11-06T18:53:47.181] [DEBUG] cheese - null
[2019-11-06T18:53:47.181] [DEBUG] cheese - null
[2019-11-06T18:54:56.156] [DEBUG] cheese - login => username:121212,password:12121212
[2019-11-06T18:54:56.156] [DEBUG] cheese - 121212
[2019-11-06T18:54:56.157] [DEBUG] cheese - null
[2019-11-06T18:54:56.158] [DEBUG] cheese - null
[2019-11-06T18:56:59.405] [DEBUG] cheese - login => username:121212,password:2121221
[2019-11-06T18:56:59.405] [DEBUG] cheese - 121212
[2019-11-06T18:56:59.407] [DEBUG] cheese - null
[2019-11-06T18:56:59.407] [DEBUG] cheese - null
[2019-11-06T18:57:01.571] [DEBUG] cheese - login => username:121212,password:2121221
[2019-11-06T18:57:01.571] [DEBUG] cheese - 121212
[2019-11-06T18:57:01.815] [DEBUG] cheese - null
[2019-11-06T18:57:01.815] [DEBUG] cheese - null
[2019-11-06T18:57:22.141] [DEBUG] cheese - login => username:1212121,password:12111111111
[2019-11-06T18:57:22.141] [DEBUG] cheese - 1212121
[2019-11-06T18:57:22.143] [DEBUG] cheese - null
[2019-11-06T18:57:22.143] [DEBUG] cheese - null
[2019-11-06T18:57:23.266] [DEBUG] cheese - login => username:1212121,password:12111111111
[2019-11-06T18:57:23.266] [DEBUG] cheese - 1212121
[2019-11-06T18:57:23.269] [DEBUG] cheese - null
[2019-11-06T18:57:23.269] [DEBUG] cheese - null
[2019-11-06T18:57:29.472] [DEBUG] cheese - login => username:admin,password:123456
[2019-11-06T18:57:29.472] [DEBUG] cheese - admin
[2019-11-06T18:57:29.705] [DEBUG] cheese - null
[2019-11-06T18:57:29.705] [DEBUG] cheese - null
[2019-11-06T19:03:20.204] [DEBUG] cheese - login => username:1212112,password:211111111111
[2019-11-06T19:03:20.204] [DEBUG] cheese - 1212112
[2019-11-06T19:03:20.206] [DEBUG] cheese - null
[2019-11-06T19:03:20.206] [DEBUG] cheese - null
[2019-11-06T19:03:45.510] [DEBUG] cheese - login => username:12121,password:121212112
[2019-11-06T19:03:45.510] [DEBUG] cheese - 12121
[2019-11-06T19:03:45.513] [DEBUG] cheese - null
[2019-11-06T19:03:45.513] [DEBUG] cheese - null
[2019-11-06T19:03:53.407] [DEBUG] cheese - login => username:admin,password:123456
[2019-11-06T19:03:53.407] [DEBUG] cheese - admin
[2019-11-06T19:03:53.410] [DEBUG] cheese - null
[2019-11-06T19:03:53.410] [DEBUG] cheese - null
[2019-11-06T19:04:48.807] [DEBUG] cheese - login => username:1212,password:121212121
[2019-11-06T19:04:48.807] [DEBUG] cheese - 1212
[2019-11-06T19:04:48.828] [DEBUG] cheese - null
[2019-11-06T19:04:48.829] [DEBUG] cheese - null
[2019-11-06T19:11:50.686] [DEBUG] cheese - login => username:admin,password:123456
[2019-11-06T19:11:50.686] [DEBUG] cheese - admin
[2019-11-06T19:11:50.689] [DEBUG] cheese - null
[2019-11-06T19:11:50.689] [DEBUG] cheese - null
[2019-11-06T19:14:20.064] [DEBUG] cheese - login => username:admin,password:123456
[2019-11-06T19:14:20.064] [DEBUG] cheese - admin
[2019-11-06T19:14:20.086] [DEBUG] cheese - null
[2019-11-06T19:14:20.087] [DEBUG] cheese - null
[2019-11-06T19:14:45.152] [DEBUG] cheese - login => username:admin,password:123456
[2019-11-06T19:14:45.152] [DEBUG] cheese - admin
[2019-11-06T19:14:45.155] [DEBUG] cheese - null
[2019-11-06T19:14:45.155] [DEBUG] cheese - null
[2019-11-06T19:15:39.816] [DEBUG] cheese - login => username:admin,password:123456
[2019-11-06T19:15:39.816] [DEBUG] cheese - admin
[2019-11-06T19:15:39.819] [DEBUG] cheese - null
[2019-11-06T19:15:39.819] [DEBUG] cheese - null
[2019-11-06T19:15:44.074] [DEBUG] cheese - login => username:admin1,password:123456
[2019-11-06T19:15:44.075] [DEBUG] cheese - admin1
[2019-11-06T19:15:44.076] [DEBUG] cheese - null
[2019-11-06T19:15:44.076] [DEBUG] cheese - null
[2019-11-06T19:15:55.072] [DEBUG] cheese - login => username:admin,password:123456
[2019-11-06T19:15:55.072] [DEBUG] cheese - admin
[2019-11-06T19:15:55.104] [DEBUG] cheese - null
[2019-11-06T19:15:55.104] [DEBUG] cheese - null
[2019-11-06T19:23:59.885] [DEBUG] cheese - login => username:admin,password:123456
[2019-11-06T19:23:59.885] [DEBUG] cheese - admin
[2019-11-06T19:23:59.898] [DEBUG] cheese - null
[2019-11-06T19:23:59.899] [DEBUG] cheese - null
[2019-11-06T19:26:39.444] [DEBUG] cheese - login => username:admin,password:123456
[2019-11-06T19:26:39.445] [DEBUG] cheese - admin
[2019-11-06T19:26:39.448] [DEBUG] cheese - null
[2019-11-06T19:26:39.448] [DEBUG] cheese - null
[2019-11-06T19:28:19.295] [DEBUG] cheese - login => username:admin,password:123456
[2019-11-06T19:28:19.295] [DEBUG] cheese - admin
[2019-11-06T19:28:19.301] [DEBUG] cheese - null
[2019-11-06T19:28:19.301] [DEBUG] cheese - null
[2019-11-06T19:28:22.619] [DEBUG] cheese - login => username:admin,password:123456
[2019-11-06T19:28:22.619] [DEBUG] cheese - admin
[2019-11-06T19:28:22.621] [DEBUG] cheese - null
[2019-11-06T19:28:22.621] [DEBUG] cheese - null
[2019-11-06T19:35:16.331] [DEBUG] cheese - login => username:admin,password:123456
[2019-11-06T19:35:16.332] [DEBUG] cheese - admin
[2019-11-06T19:35:16.394] [DEBUG] cheese - null
[2019-11-06T19:35:16.394] [DEBUG] cheese - null
[2019-11-06T19:36:16.378] [DEBUG] cheese - login => username:admin,password:123456
[2019-11-06T19:36:16.378] [DEBUG] cheese - admin
[2019-11-06T19:36:16.380] [DEBUG] cheese - null
[2019-11-06T19:36:16.380] [DEBUG] cheese - null
[2019-11-08T18:18:58.873] [DEBUG] cheese - login => username:admin,password:123456
[2019-11-08T18:18:58.883] [DEBUG] cheese - admin
[2019-11-08T18:18:58.937] [DEBUG] cheese - null
[2019-11-08T18:18:58.937] [DEBUG] cheese - null
[2019-11-08T19:06:48.250] [DEBUG] cheese - login => username:admin,password:123456
[2019-11-08T19:06:48.295] [DEBUG] cheese - admin
[2019-11-08T19:06:48.407] [DEBUG] cheese - null
[2019-11-08T19:06:48.408] [DEBUG] cheese - null
[2019-11-08T19:19:16.659] [DEBUG] cheese - login => username:admin,password:123456
[2019-11-08T19:19:16.660] [DEBUG] cheese - admin
[2019-11-08T19:19:16.889] [DEBUG] cheese - null
[2019-11-08T19:19:16.935] [DEBUG] cheese - null
[2019-11-08T19:21:43.513] [DEBUG] cheese - login => username:admin,password:123456
[2019-11-08T19:21:43.513] [DEBUG] cheese - admin
[2019-11-08T19:21:43.522] [DEBUG] cheese - null
[2019-11-08T19:21:43.522] [DEBUG] cheese - null
[2019-11-08T19:22:11.392] [DEBUG] cheese - login => username:admin,password:123456
[2019-11-08T19:22:11.392] [DEBUG] cheese - admin
[2019-11-08T19:22:11.395] [DEBUG] cheese - null
[2019-11-08T19:22:11.395] [DEBUG] cheese - null
[2019-11-08T19:23:38.107] [DEBUG] cheese - login => username:admin,password:123456
[2019-11-08T19:23:38.107] [DEBUG] cheese - admin
[2019-11-08T19:23:38.111] [DEBUG] cheese - null
[2019-11-08T19:23:38.111] [DEBUG] cheese - null
[2019-11-09T10:27:24.913] [DEBUG] cheese - login => username:admin,password:123456
[2019-11-09T10:27:24.945] [DEBUG] cheese - admin
[2019-11-09T10:27:25.832] [DEBUG] cheese - null
[2019-11-09T10:27:25.832] [DEBUG] cheese - null
[2019-11-09T11:10:36.628] [DEBUG] cheese - login => username:admin,password:123456
[2019-11-09T11:10:36.630] [DEBUG] cheese - admin
[2019-11-09T11:10:36.655] [DEBUG] cheese - null
[2019-11-09T11:10:36.655] [DEBUG] cheese - null
[2019-11-09T11:17:29.105] [DEBUG] cheese - login => username:admin,password:123456
[2019-11-09T11:17:29.106] [DEBUG] cheese - admin
[2019-11-09T11:17:29.127] [DEBUG] cheese - null
[2019-11-09T11:17:29.127] [DEBUG] cheese - null
[2019-11-09T12:37:17.830] [DEBUG] cheese - login => username:admin,password:123456
[2019-11-09T12:37:17.897] [DEBUG] cheese - admin
[2019-11-09T12:37:18.034] [DEBUG] cheese - null
[2019-11-09T12:37:18.035] [DEBUG] cheese - null
[2019-11-09T12:59:12.608] [DEBUG] cheese - login => username:admin,password:123456
[2019-11-09T12:59:12.651] [DEBUG] cheese - admin
[2019-11-09T12:59:13.016] [DEBUG] cheese - null
[2019-11-09T12:59:13.033] [DEBUG] cheese - null
[2019-11-09T14:25:18.800] [DEBUG] cheese - login => username:admin,password:123456
[2019-11-09T14:25:18.842] [DEBUG] cheese - admin
[2019-11-09T14:25:18.910] [DEBUG] cheese - null
[2019-11-09T14:25:18.911] [DEBUG] cheese - null
[2019-11-09T16:18:29.590] [DEBUG] cheese - login => username:admin,password:123456
[2019-11-09T16:18:29.629] [DEBUG] cheese - admin
[2019-11-09T16:18:29.691] [DEBUG] cheese - null
[2019-11-09T16:18:29.692] [DEBUG] cheese - null
[2019-11-10T10:31:28.637] [DEBUG] cheese - login => username:admin,password:123456
[2019-11-10T10:31:29.031] [DEBUG] cheese - admin
[2019-11-10T10:31:32.616] [DEBUG] cheese - null
[2019-11-10T10:31:32.617] [DEBUG] cheese - null
[2019-11-10T18:07:46.584] [DEBUG] cheese - null
[2019-11-10T18:10:32.901] [DEBUG] cheese - null
[2019-11-10T18:13:15.088] [DEBUG] cheese - null
[2019-11-10T18:13:20.183] [DEBUG] cheese - null
[2019-11-10T18:13:22.114] [DEBUG] cheese - null
[2019-11-10T18:13:26.745] [DEBUG] cheese - null
[2019-11-11T15:23:30.011] [DEBUG] cheese - login => username:admin,password:123456
[2019-11-11T15:23:30.022] [DEBUG] cheese - admin
[2019-11-11T15:23:30.179] [DEBUG] cheese - null
[2019-11-11T15:23:30.180] [DEBUG] cheese - null
[2019-11-12T15:55:16.810] [DEBUG] cheese - login => username:admin,password:123456
[2019-11-12T15:55:16.926] [DEBUG] cheese - admin
[2019-11-12T15:55:17.152] [DEBUG] cheese - null
[2019-11-12T15:55:17.152] [DEBUG] cheese - null
[2019-11-12T16:01:40.455] [DEBUG] cheese - login => username:admin,password:123456
[2019-11-12T16:01:40.471] [DEBUG] cheese - admin
[2019-11-12T16:01:40.637] [DEBUG] cheese - null
[2019-11-12T16:01:40.638] [DEBUG] cheese - null
[2019-11-13T12:57:06.240] [DEBUG] cheese - login => username:admin,password:123456
[2019-11-13T12:57:06.244] [DEBUG] cheese - admin
[2019-11-13T12:57:06.454] [DEBUG] cheese - null
[2019-11-13T12:57:06.456] [DEBUG] cheese - null
[2019-11-13T14:39:46.271] [DEBUG] cheese - login => username:admin,password:123456
[2019-11-13T14:39:46.352] [DEBUG] cheese - admin
[2019-11-13T14:39:46.967] [DEBUG] cheese - null
[2019-11-13T14:39:46.969] [DEBUG] cheese - null
[2019-11-13T15:58:55.730] [DEBUG] cheese - login => username:admin,password:123456
[2019-11-13T15:58:55.791] [DEBUG] cheese - admin
[2019-11-13T15:58:56.453] [DEBUG] cheese - null
[2019-11-13T15:58:56.454] [DEBUG] cheese - null
[2019-11-14T16:51:48.712] [DEBUG] cheese - login => username:admin,password:123456
[2019-11-14T16:51:48.722] [DEBUG] cheese - admin
[2019-11-14T16:51:49.067] [DEBUG] cheese - null
[2019-11-14T16:51:49.069] [DEBUG] cheese - null
[2019-11-14T16:52:37.713] [DEBUG] cheese - login => username:admin,password:123456
[2019-11-14T16:52:37.714] [DEBUG] cheese - admin
[2019-11-14T16:52:37.743] [DEBUG] cheese - null
[2019-11-14T16:52:37.744] [DEBUG] cheese - null
[2019-11-14T16:54:19.864] [DEBUG] cheese - login => username:admin,password:123456
[2019-11-14T16:54:19.865] [DEBUG] cheese - admin
[2019-11-14T16:54:19.871] [DEBUG] cheese - null
[2019-11-14T16:54:19.872] [DEBUG] cheese - null
[2019-11-14T16:55:03.703] [DEBUG] cheese - login => username:admin,password:123456
[2019-11-14T16:55:03.704] [DEBUG] cheese - admin
[2019-11-14T16:55:03.707] [DEBUG] cheese - null
[2019-11-14T16:55:03.708] [DEBUG] cheese - null
[2019-11-14T17:15:06.661] [DEBUG] cheese - login => username:admin,password:123456
[2019-11-14T17:15:06.740] [DEBUG] cheese - admin
[2019-11-14T17:15:07.591] [DEBUG] cheese - null
[2019-11-14T17:15:07.592] [DEBUG] cheese - null
[2019-11-15T09:21:56.549] [DEBUG] cheese - login => username:admin,password:123456
[2019-11-15T09:21:56.655] [DEBUG] cheese - admin
[2019-11-15T09:21:59.341] [DEBUG] cheese - null
[2019-11-15T09:21:59.401] [DEBUG] cheese - null
[2019-11-16T10:33:44.173] [DEBUG] cheese - login => username:admin,password:123456
[2019-11-16T10:33:44.179] [DEBUG] cheese - admin
[2019-11-16T10:33:44.406] [DEBUG] cheese - null
[2019-11-16T10:33:44.407] [DEBUG] cheese - null
[2019-11-16T10:52:29.352] [DEBUG] cheese - login => username:admin,password:123456
[2019-11-16T10:52:29.364] [DEBUG] cheese - admin
[2019-11-16T10:52:29.456] [DEBUG] cheese - null
[2019-11-16T10:52:29.456] [DEBUG] cheese - null
[2019-11-16T19:02:11.444] [DEBUG] cheese - null
[2019-11-16T19:02:39.653] [DEBUG] cheese - null
[2019-11-16T19:02:40.054] [DEBUG] cheese - null
[2019-11-16T19:02:58.908] [DEBUG] cheese - null
[2019-11-16T19:03:20.406] [DEBUG] cheese - null
[2019-11-16T19:04:44.123] [DEBUG] cheese - null
[2019-11-16T19:05:26.155] [DEBUG] cheese - null
[2019-11-16T19:06:40.661] [DEBUG] cheese - null
[2019-11-16T19:07:34.203] [DEBUG] cheese - null
[2019-11-16T19:08:12.876] [DEBUG] cheese - null
[2019-11-16T19:10:22.975] [DEBUG] cheese - null
[2019-11-16T19:15:55.303] [DEBUG] cheese - null
[2019-11-16T19:19:28.697] [DEBUG] cheese - null
[2019-11-17T12:11:26.383] [DEBUG] cheese - login => username:admin,password:123456
[2019-11-17T12:11:27.416] [DEBUG] cheese - admin
[2019-11-17T12:11:27.564] [DEBUG] cheese - login => username:admin,password:123456
[2019-11-17T12:11:27.565] [DEBUG] cheese - admin
[2019-11-17T12:11:28.767] [DEBUG] cheese - null
[2019-11-17T12:11:28.769] [DEBUG] cheese - null
[2019-11-17T12:11:29.198] [DEBUG] cheese - null
[2019-11-17T12:11:29.198] [DEBUG] cheese - null
[2019-11-17T16:47:54.336] [DEBUG] cheese - login => username:admin,password:123456
[2019-11-17T16:47:54.884] [DEBUG] cheese - admin
[2019-11-17T16:47:55.279] [DEBUG] cheese - null
[2019-11-17T16:47:55.498] [DEBUG] cheese - null
[2019-11-17T17:22:08.453] [DEBUG] cheese - login => username:admin,password:123456
[2019-11-17T17:22:08.559] [DEBUG] cheese - admin
[2019-11-17T17:22:08.715] [DEBUG] cheese - null
[2019-11-17T17:22:08.717] [DEBUG] cheese - null
